<?xml version="1.0" encoding="UTF-8"?>
<Site BuildName="Linux-g++"
	BuildStamp="20230623-0857-Experimental"
	Name="codespaces-50bccc"
	Generator="ctest-3.22.2"
	CompilerName="/usr/bin/g++"
	CompilerVersion="11.3.0"
	OSName="Linux"
	Hostname="codespaces-50bccc"
	OSRelease="5.15.0-1040-azure"
	OSVersion="#47-Ubuntu SMP Thu Jun 1 19:38:24 UTC 2023"
	OSPlatform="x86_64"
	Is64Bits="1"
	VendorString="GenuineIntel"
	VendorID="Intel Corporation"
	FamilyID="6"
	ModelID="85"
	ProcessorCacheSize="36608"
	NumberOfLogicalCPU="2"
	NumberOfPhysicalCPU="1"
	TotalVirtualMemory="0"
	TotalPhysicalMemory="3913"
	LogicalProcessorsPerPhysical="2"
	ProcessorClockFrequency="2593.91"
	>
	<Testing>
		<StartDateTime>Jun 23 09:01 UTC</StartDateTime>
		<StartTestTime>1687510897</StartTestTime>
		<TestList/>
		<EndDateTime>Jun 23 09:01 UTC</EndDateTime>
		<EndTestTime>1687510897</EndTestTime>
		<ElapsedMinutes>0</ElapsedMinutes>
	</Testing>
</Site>
